[  0.0000] niiazig cgroup sbs cuset    0000] Iitaling cgousubss pu
[   00000] italzi croup sbs cuacct
[    0.000000]Liuxversio 44.-112enic (bldlgw01-amd64-010) (gcc version 5.4.0 20160609 (Ubuntu 5.4.0-6ubuntu1~16.04.5) ) #135-Ubuntu SMP Fri Jan 19 11:48:36 UTC 2018 (Ubuntu 4.4.0-112.135-generic 4.4.98)
[    0.000000] Command line: BOOT_IMAGE=/boot/vmlinuz-4.4.0-112-generic root=UUID=24bfdb68-31a9-41d91f-546a47cb9 o csole=ttycoole=ttyS0
[    0.000000] KERNEL supported cpus:
[    0.000000]   Intel Genunete
[    0.000000  MD AuthenticAMD
[    0.000000]   Centaur CentaurHauls
[    0.000000] x86/fpu: xstate_offset[2]:  576, xstate_sizes[2]:  256
[    0.000000] x86/fpu: Supporting XSAVE feature 0x01: 'x87 floin point registers'
[    0.000000] x86/fpu: Supporting XSAVE feature 0x02: 'SSE registers'
[    0.000000] x86/fpu Spporting XSAVE feature 04: AV rgisters'
    0.00000 x86fp Eabled ste eature 0, cote sze i 82 yt, sig 'stndrd fort.
[    0.0000]86/fp Uin 'lazyFP contxtwiches
  0.000000] e20BIOS-poved physca RM map:
[    0.000000] BIOS-e820: [mem 0x0000000000000000-0x000000000009fbff] usable
[    0.000000] BIOS-e820: [mem 0x000000000009fc00-0x000000000009ffff] reserved
[    0.000000] BIOS-e820: [mem 0x00000000000f0000-0x00000000000fffff] reserved
[   0.00000] BOS82: me 000000000000-0x000000ffeffusabe    0.000] BI-e0: [me 000000007fff0000-0x000000007fffffff] ACPI data
[    0.000000] BIOS-e820: [mem 0x00000000fec00000-0x00000000fec00fff] reserved
[    0.000000] BIOS-e820: [mem 0x00000000fee00000x0000000fee00fff] reserved
[    0.000000] BIOS-820: mem 0x00000000fffc0000-0x00000000ffffffff] reserved
[    0.000000] NX (Execute Disable) protection: active
[   0.0000]SMBIOS 2.5 present.
[    0.000000] Hypervisor detected: KVM
[    0.000000] e820: last_pfn= 7ff0 maar_pfn = 0x400000000
[    0.000000] MTRR: Disabled
[    0.000000] x86/PAT: MTRRs disabled, skippig AT italzationto
[    0.000]CPU MTRRs all blank - virtualized system.
[    0.000000] x86/PAT: Configuration [0-7]: WB  WT  UC- UC  WB  WT  UC- UC  
[    0.000000] found SMP M-tle at [mem 0x009f0-0x009ff mappedatffff8000fff0][   0.00] Scannig areas orowmemory rrpton
[   0.0000] RAIS: [mem 0x3a800-06dafff
   00000]CPI: Ealyablechckumvericion dabd
[   00000]AC: SDP 00000000000000024 (02BOX )    0.000] API XDT 0x0000007F003 003 (v01 VBOX   VBOXXSDT 00000001 ASL  0000006)
[    0.000000] ACPI: FACP0x0000007FFF0F 00F4v04 VBOX   VBOXFACP000001 AL  00000061)
[    0.000000] ACPI: DSDT 0x000000007FFF0470 0021FF (v02 VBOX   VBOXBIOS 00000002 INTL 20100528)
[    0.000000] ACPI: FACS 0x000000007FFF0200 000040
[    0.000000] ACPI: FACS 0x000000007FFF0200 000040
[   .000000] ACPI: APIC 0x000000007FFF0240 00005C (v02 VBOX   VBOXAPIC 00000001 ASL  00000061)
[    0.000000] ACP: DT0x00007FFF02A000CC v0VBX   VOXUT00000002 INTL 20100528)
[    0.000000] No NUM cnfigurti fund
[    0.000000] Faking a node at [mem 0x0000000000000000-0x000000007ffeffff]
[    0.000000] NODE_DATA(0) allocated [mem 0x7ffeb000-0fffff
   0.000] vm-coc Uing msrs 4b564d01 and 4b564d00
[    0.000000] kvm-clock: cpu 0, msr 0:7ffe3001, primary cpu clk[    0.000] kv-coc: using sched offset of 3819763036 cycles
[    0.000000] clocksour: kvm-clock: mask: 0xfffffffffffffff ma_ccles0xcd42e4dff, x_idlns 88105483 n
  0.000000 Ze anges:
[     0.000000]   DMA      [mem 0x0000000000001000-0x0000000000ffffff]
[    0.000000]   DMA32    [mem 0x0000000001000000-0x000000007ffeffff]
[    00000  rmal emy
[    0.000000]   Device   empty
[    0.000000] Movalezoe start for each ode   0.000000] Early memory node ranges
[    0.000000]   nod  : [mem 0x0000000000001000-0x000000000009efff]
[    0.000000]   node   0: [mem 0x0000000000100000-0x000000007ffeffff]
[    0.000000] Initmem setup node 0 [mem 0x0000000000001000-0x000000007ffeffff]
[    0.000000] ACPI: PM-Timer IO Port: 0x4008
[    0.000000] IOAPIC[0]: apic_id 2, version 32, address 0xfec00000, GSI 0-23
[    .0000] PIINT_SRCOV(bus 0 bus_irq 0 global_irq 2 dfl dfl)
[    0.000000] ACPI: INT_SRC_OVR (bus 0 bus_i 9globalir9 low level
[   0.000000] Using ACPI (MADT) for SMP configuration information
[    0.000000] smpboot: Allowing 2 CPUs, 0 hotplug CPUs
[    0.000000] PM: Registere nosa mory: [mem0x000000-0000fff
[  0.0000 PM: gitered nosave memory: [mem 0x0009f000-0x0009ffff]
[    0.000000] PM: Registered nosave memory: [mem 0x000a0000-0x000effff]
[    0.000000] M:Reistered nosave memory: [mem 0x000f0000-0x000fffff]
[   0.000] e820[mm 0800000-0xfebfffff]avlalefoPC device
[   .0000Bootingarviraled kernl oKVM
[    0.000000] clocksource: refined-jiffi: sk: 0xffffff max_cycles: 0xffffffff, max_idle_ns: 764551960211568 ns
[    0.00000] seup_percpu NCPS:51nrcpumask_bts12 nr_cpu_ids:2 nr_node_ids:1
[   000000PECPU: Emeded34paes/cpu @fff80fc0000 s9944812 d315 u048576[   0.000000] PV qspinlock hash tableenri: 256 (order: 0, 4096 bytes)
[    0.000000] Built 1 zonelists in Node order, mobility grouping on.  Total pages: 515961
[    0.000000] Policy zone: DMA32
[    0.000000] Kernel command line: BOOT_IMAGE=/boot/vmlinuz-4.4.0-112-generic root=UUID=24bfdb68-31a9-4b1d-b91f465471cbroconsole=tty1 conse=yS0
[    0.0000] D ha tbleenris: 4096 (order: 3, 32768 bytes)
[    0.000000] Memory: 2025568K/2096696K available (8499K kernel code, 1309K rwdata, 3988K rodata, 1508K init, 1316K bss, 71128K resve, 0K cma-reserved)
[    0.000000] SLUB: HWalign=64, Order=0-3, MinObjects=0, CPUs=2, Nodes=1
[    0.000000] KrnelUser page tales isolation: enabled
[    0.000000] Hierarchical RCU implementation.
[    0.0000] 	Buil-te djustmentoflef anou t64
  0.00000] RC rstricti CUs fomR_PUS=512to ncp_ids2.
[  .00000] R: djusting geometry for rcu_fanout_leaf=64, nr_cpu_ids=2
[    0.000000] NR_IRQS:3324nrrq:440 1
   0.0000 Cnsolecoour V+ x25
[    0.00000] console [tty1] enabled
[   .000000] console [ttyS0] enabled
[    0.000000] tsc: Detected 2700.000 MHz processor
[   10.965471] Calibrating delay loop (skipped) preset value.. 5400.00 BogoMIPS (lpj=10800000)
[   10.996381] pid_max: default: 32768 minimum: 301
[   11.022805] ACPI: Core revision 20150930
[   11.047769] ACPI: 2 ACPI AML tables successfully acquired and loaded
[   11.060066] Security Framework initialized
[   11.075067] Yama: becoming mindful.
[   11.091412] AppArmor: AppArmor initialized
[   11.116042] Dentry cache hash table entries: 262144 (order: 9, 2097152 bytes)
[   11.177684] Inode-cache hash table entries: 131072 (order: 8, 1048576 bytes)
[   11.197753] Mount-cache hash table entries: 4096 (order: 3, 32768 bytes)
[   11.219688] Mountpoint-cache hash table entries: 4096 (order: 3, 32768 bytes)
[   11.242409] Initializing cgroup subsys io
[   11.258892] Initializing cgroup subsys memory
[   11.262822] Initializing cgroup subsys devices
[   11.264326] Initializing cgroup subsys freezer
[   11.269400] Initializing cgroup subsys net_cls
[   11.275370] Initializing cgroup subsys perf_event
[   11.280784] Initializing cgroup subsys net_prio
[   11.282395] Initializing cgroup subsys hugetlb
[   11.286079] Initializing cgroup subsys pids
[   11.314315] CPU: Physical Processor ID: 0
[   11.330763] CPU: Processor Core ID: 0
[   11.332272] FEATURE SPEC_CTRL Not Present
[   11.337345] mce: CPU supports 0 MCE banks
[   11.365892] Last level iTLB entries: 4KB 64, 2MB 8, 4MB 8
[   11.383543] Last level dTLB entries: 4KB 64, 2MB 0, 4MB 0, 1GB 4
[   11.400529] Freeing SMP alternatives memory: 32K
[   11.424999] ftrace: allocating 32180 entries in 126 pages
[   11.487660] smpboot: APIC(0) Converting physical 0 to logical package 0
[   11.591555] smpboot: Max logical packages: 1
[   11.593383] x2apic enabled
[   11.605918] Switched APIC routing to physical x2apic.
[   11.613313] ..TIMER: vector=0x30 apic1=0 pin1=2 apic2=-1 pin2=-1
[   11.733681] smpboot: CPU0: Intel(R) Core(TM) i5-5257U CPU @ 2.70GHz (family: 0x6, model: 0x3d, stepping: 0x4)
[   11.788143] Performance Events: unsupported p6 CPU model 61 no PMU driver, software events only.
[   11.815409] KVM setup paravirtual spinlock
[   11.830940] x86: Booting SMP configuration:
[   11.840334] .... node  #0, CPUs:      #1
[   11.852560] kvm-clock: cpu 1, msr 0:7ffe3041, secondary cpu clock
[   11.915028] mce: CPU supports 0 MCE banks
[   11.931316] x86: Booted up 1 node, 2 CPUs
[   11.943517] smpboot: Total of 2 processors activated (10800.00 BogoMIPS)
[   11.960178] devtmpfs: initialized
[   11.987644] evm: security.selinux
[   12.024870] evm: security.SMACK64
[   12.085142] evm: security.SMACK64EXEC
[   12.108003] evm: security.SMACK64TRANSMUTE
[   12.130487] evm: security.SMACK64MMAP
[   12.140757] evm: security.ima
[   12.147008] evm: security.capability
[   12.152050] clocksource: jiffies: mask: 0xffffffff max_cycles: 0xffffffff, max_idle_ns: 7645041785100000 ns
[   12.180732] futex hash table entries: 512 (order: 3, 32768 bytes)
[   12.222417] pinctrl core: initialized pinctrl subsystem
[   12.254582] RTC time: 20:15:12, date: 03/14/18
[   12.299827] NET: Registered protocol family 16
[   12.374679] cpuidle: using governor ladder
[   12.402039] cpuidle: using governor menu
[   12.427629] PCCT header not found.
[   12.438255] ACPI: bus type PCI registered
[   12.481383] acpiphp: ACPI Hot Plug PCI Controller Driver version: 0.5
[   12.502039] PCI: Using configuration type 1 for base access
[   12.520263] ACPI: Added _OSI(Module Device)
[   12.533073] ACPI: Added _OSI(Processor Device)
[   12.542768] ACPI: Added _OSI(3.0 _SCP Extensions)
[   12.550643] ACPI: Added _OSI(Processor Aggregator Device)
[   12.566526] ACPI: Executed 1 blocks of module-level executable AML code
[   12.582090] ACPI: Interpreter enabled
[   12.588996] ACPI: (supports S0 S5)
[   12.593222] ACPI: Using IOAPIC for interrupt routing
[   12.610058] PCI: Using host bridge windows from ACPI; if necessary, use "pci=nocrs" and report a bug
[   12.655285] ACPI: PCI Root Bridge [PCI0] (domain 0000 [bus 00-ff])
[   12.664049] acpi PNP0A03:00: _OSC: OS supports [ASPM ClockPM Segments MSI]
[   12.666503] acpi PNP0A03:00: _OSC: not requesting OS control; OS requires [ExtendedConfig ASPM ClockPM MSI]
[   12.671991] acpi PNP0A03:00: fail to add MMCONFIG information, can't access extended PCI configuration space under this bridge.
[   12.684643] PCI host bridge to bus 0000:00
[   12.706595] pci_bus 0000:00: root bus resource [io  0x0000-0x0cf7 window]
[   12.709521] pci_bus 0000:00: root bus resource [io  0x0d00-0xffff window]
[   12.734927] pci_bus 0000:00: root bus resource [mem 0x000a0000-0x000bffff window]
[   12.755399] pci_bus 0000:00: root bus resource [mem 0x80000000-0xfdffffff window]
[   12.768608] pci_bus 0000:00: root bus resource [bus 00-ff]
[   12.776460] pci 0000:00:01.1: legacy IDE quirk: reg 0x10: [io  0x01f0-0x01f7]
[   12.798937] pci 0000:00:01.1: legacy IDE quirk: reg 0x14: [io  0x03f6]
[   12.813757] pci 0000:00:01.1: legacy IDE quirk: reg 0x18: [io  0x0170-0x0177]
[   12.818662] pci 0000:00:01.1: legacy IDE quirk: reg 0x1c: [io  0x0376]
[   12.875470] pci 0000:00:07.0: quirk: [io  0x4000-0x403f] claimed by PIIX4 ACPI
[   12.927076] pci 0000:00:07.0: quirk: [io  0x4100-0x410f] claimed by PIIX4 SMB
[   12.990469] ACPI: PCI Interrupt Link [LNKA] (IRQs 5 9 10 *11)
[   13.063812] ACPI: PCI Interrupt Link [LNKB] (IRQs 5 9 *10 11)
[   13.072047] ACPI: PCI Interrupt Link [LNKC] (IRQs 5 *9 10 11)
[   13.091786] ACPI: PCI Interrupt Link [LNKD] (IRQs 5 9 10 *11)
[   13.110962] ACPI: Enabled 2 GPEs in block 00 to 07
[   13.117457] vgaarb: setting as boot device: PCI:0000:00:02.0
[   13.185876] vgaarb: device added: PCI:0000:00:02.0,decodes=io+mem,owns=io+mem,locks=none
[   13.196583] vgaarb: loaded
[   13.198016] vgaarb: bridge control possible 0000:00:02.0
[   13.216791] SCSI subsystem initialized
[   13.224297] ACPI: bus type USB registered
[   13.247779] usbcore: registered new interface driver usbfs
[   13.270133] usbcore: registered new interface driver hub
[   13.292488] usbcore: registered new device driver usb
[   13.312210] PCI: Using ACPI for IRQ routing
[   13.323326] NetLabel: Initializing
[   13.331175] NetLabel:  domain hash size = 128
[   13.332657] NetLabel:  protocols = UNLABELED CIPSOv4
[   13.340483] NetLabel:  unlabeled traffic allowed by default
[   13.355143] amd_nb: Cannot enumerate AMD northbridges
[   13.426323] clocksource: Switched to clocksource kvm-clock
[   13.508041] Apprm: pAorFiesteEnle
[ 13169]pnp: PP PIni
  4.30] p:nPACPI:fond dic
[   14.809036] clocksource: acpi_pm: mask: 0xffffff max_cycles: 0xffffff, max_idle_ns: 2085701024 ns
[   14.991165] NET: Registered protocol family 2
[   15.017553] TCP established hash table entries: 16384 (order: 5, 131072 bytes)
[   15.029995] TCP bind hash table entries: 16384 (order: 6, 262144 bytes)
[   15.041761] TCP: Hash tables configured (established 16384 bind 16384)
[   15.078861] UDP hash table entries: 1024 (order: 3, 32768 bytes)
[   15.090538] UDP-Lite hash table entries: 1024 (order: 3, 32768 bytes)
[   15.100123] NET: Registered protocol family 1
[   15.111911] pci 0000:00:00.0: Limiting direct PCI/PCI transfers
[   15.178320] pci 0000:00:01.0: Activating ISA DMA hang workarounds
[   15.204747] Unpacking initramfs...
[   15.521282] Freeing initrd memory: 19156K
[   15.653430] RAPL PMU detected, API unit is 2^-32 Joules, 4 fixed counters 10737418240 ms ovfl timer
[   15.725835] hw unit of domain pp0-core 2^-0 Joules
[   15.772315] hw unit of domain package 2^-0 Joules
[   15.782366] hw unit of domain dram 2^-0 Joules
[   15.799286] hw unit of domain pp1-gpu 2^-0 Joules
[   18017] atrmtcmo registeedlafo R dic ( P dicfod)
[   16.696362]cain fr owemy corruption ve 6sends  172037ts Rin T cocoue alibrio 29.3 z
[   18.009968] clocksource: tsc: mask: 0xffffffffffffffff max_cycles: 0x26eb089e415, max_idle_ns: 440795295473 ns
[   18.0191 adit: nitiizg tlk bsy(dabed
[   18.010938] audit: type=2000 audit(1521058510.543:1): initialized
[   18.011265] Initialise system trusted keyring
[   18.011423] HugeTLB registered 2 MB page size, pre-allocated 0 pages
[   18.013499] zbud: loaded
[   18.013856] VFS: Disk quotas dquot_6.6.0
[   18.013906] VFS: Dquot-cache hash table entries: 512 (order 0, 4096 bytes)
[   18.014221] squashfs: version 4.0 (2009/01/31) Phillip Lougher
[   18.014714] fuse init (API version 7.23)
[   18.014874] Key type big_key registered
[   18.014901] Allocating IMA MOK and blacklist keyrings.
[   18.015207] Key type asymmetric registered
[   18.015215] Asymmetric key parser 'x509' registered
[   18.015260] Block layer SCSI generic (bsg) driver version 0.4 loaded (major 249)
[   18.015288] io scheduler noop registered
[   18.015290] io scheduler deadline registered (default)
[   18.015326] io scheduler cfq registered
[   18.015443] pci_hotplug: PCI Hot Plug PCI Core version: 0.5
[   18.015449] pciehp: PCI Express Hot Plug Controller Driver version: 0.4
[   18.015946] ACPI: AC Adapter [AC] (off-line)
[   18.016016] input: Power Button as /devices/LNXSYSTM:00/LNXPWRBN:00/input/input0
[   18.016019] ACPI: Power Button [PWRF]
[   18.016148] input: Sleep Button as /devices/LNXSYSTM:00/LNXSLPBN:00/input/input1
[   18.016150] ACPI: Sleep Button [SLPF]
[   18.016403] GHES: HEST is not enabled!
[   18.016511] Serial: 8250/16550 driver, 32 ports, IRQ sharing enabled
[   18.056614] 00:02: ttyS0 at I/O 0x3f8 (irq = 4, base_baud = 115200) is a 16550A
[   18.566380] Linux agpgart interface v0.103
[   18.567585] ACPI: Battery Slot [BAT0] (battery present)
[   18.619725] loop: module loaded
[   18.620286] scsi host0: ata_piix
[   18.620335] scsi host1: ata_piix
[   18.620360] ata1: PATA max UDMA/33 cmd 0x1f0 ctl 0x3f6 bmdma 0xd000 irq 14
[   18.620361] ata2: PATA max UDMA/33 cmd 0x170 ctl 0x376 bmdma 0xd008 irq 15
[   18.620426] libphy: Fixed MDIO Bus: probed
[   18.620427] tun: Universal TUN/TAP device driver, 1.6
[   18.620428] tun: (C) 1999-2004 Max Krasnyansky <maxk@qualcomm.com>
[   18.620814] PPP generic driver version 2.4.2
[   18.620868] ehci_hcd: USB 2.0 'Enhanced' Host Controller (EHCI) Driver
[   18.620872] ehci-pci: EHCI PCI platform driver
[   18.620886] ehci-platform: EHCI generic platform driver
[   18.620893] ohci_hcd: USB 1.1 'Open' Host Controller (OHCI) Driver
[   18.620896] ohci-pci: OHCI PCI platform driver
[   18.620902] ohci-platform: OHCI generic platform driver
[   18.620908] uhci_hcd: USB Universal Host Controller Interface driver
[   18.620954] i8042: PNP: PS/2 Controller [PNP0303:PS2K,PNP0f03:PS2M] at 0x60,0x64 irq 1,12
[   18.626174] serio: i8042 KBD port at 0x60,0x64 irq 1
[   18.626178] serio: i8042 AUX port at 0x60,0x64 irq 12
[   18.626277] mousedev: PS/2 mouse device common for all mice
[   18.626974] rtc_cmos rtc_cmos: rtc core: registered rtc_cmos as rtc0
[   18.627033] rtc_cmos rtc_cmos: alarms up to one day, 114 bytes nvram
[   18.627040] i2c /dev entries driver
[   18.627102] device-mapper: uevent: version 1.0.3
[   18.627155] device-mapper: ioctl: 4.34.0-ioctl (2015-10-28) initialised: dm-devel@redhat.com
[   18.627174] ledtrig-cpu: registered to indicate activity on CPUs
[   18.627452] NET: Registered protocol family 10
[   18.627727] NET: Registered protocol family 17
[   18.627741] Key type dns_resolver registered
[   18.630430] microcode: CPU0 sig=0x306d4, pf=0x40, revision=0x0
[   18.630483] microcode: CPU1 sig=0x306d4, pf=0x40, revision=0x0
[   18.630590] microcode: Microcode Update Driver: v2.01 <tigran@aivazian.fsnet.co.uk>, Peter Oruba
[   18.630783] registered taskstats version 1
[   18.630798] Loading compiled-in X.509 certificates
[   18.631611] Loaded X.509 cert 'Build time autogenerated kernel key: 4c603087bab8f0a02cb3b4e1fb4c40f507e71ef1'
[   18.631645] zswap: loaded using pool lzo/zbud
[   18.634177] Key type trusted registered
[   18.640026] Key type encrypted registered
[   18.640042] AppArmor: AppArmor sha1 policy hashing enabled
[   18.640047] ima: No TPM chip found, activating TPM-bypass!
[   18.640087] evm: HMAC attrs: 0x1
[   18.640670]   Magic number: 10:873:295
[   18.640681] ata_device dev2.1: hash matches
[   18.640681]  dev2.1: hash matches
[   18.640701] tty tty28: hash matches
[   18.644992] rtc_cmos rtc_cmos: setting system clock to 2018-03-14 20:15:18 UTC (1521058518)
[   18.645160] BIOS EDD facility v0.16 2004-Jun-25, 0 devices found
[   18.645161] EDD information not available.
[   18.664619] input: AT Translated Set 2 keyboard as /devices/platform/i8042/serio0/input/input2
[   20.395336] Freeing unused kernel memory: 1508K
[   20.418179] Write protecting the kernel read-only data: 14336k
[   20.427566] Freeing unused kernel memory: 1728K
[   20.433837] Freeing unused kernel memory: 108K
Loading, please wait...
starting version[   20.472853] random: systemd-udevd: uninitialized urandom read (16 bytes read, 7 bits of entropy available)
 229
[   20.473191] random: udevadm: uninitialized urandom read (16 bytes read, 7 bits of entropy available)
[   20.473214] random: udevadm: uninitialized urandom read (16 bytes read, 7 bits of entropy available)
[   20.495986] random: udevadm: uninitialized urandom read (16 bytes read, 7 bits of entropy available)
[   20.496071] random: udevadm: uninitialized urandom read (16 bytes read, 7 bits of entropy available)
[   20.496539] random: udevadm: uninitialized urandom read (16 bytes read, 7 bits of entropy available)
[   20.496651] random: udevadm: uninitialized urandom read (16 bytes read, 7 bits of entropy available)
[   20.496749] random: udevadm: uninitialized urandom read (16 bytes read, 7 bits of entropy available)
[   20.496848] random: udevadm: uninitialized urandom read (16 bytes read, 7 bits of entropy available)
[   20.496941] random: udevadm: uninitialized urandom read (16 bytes read, 7 bits of entropy available)
[   20.805233] e1000: Intel(R) PRO/1000 Network Driver - version 7.3.21-k8-NAPI
[   20.824412] e1000: Copyright (c) 1999-2006 Intel Corporation.
[   20.824481] Fusion MPT base driver 3.04.20
[   20.824481] Copyright (c) 1999-2008 LSI Corporation
[   20.885396] Fusion MPT SPI Host driver 3.04.20
[   20.923441] mptbase: ioc0: Initiating bringup
[   20.955865] AVX2 version of gcm_enc/dec engaged.
[   20.964918] AES CTR mode by8 optimization enabled
[   21.048279] ioc0: LSI53C1030 A0: Capabilities={Initiator}
[   21.427126] input: ImExPS/2 Generic Explorer Mouse as /devices/platform/i8042/serio1/input/input4
[   22.361550] scsi host2: ioc0: LSI53C1030 A0, FwRev=00000000h, Ports=1, MaxQ=256, IRQ=20
[   23.572673] scsi 2:0:0:0: Direct-Access     VBOX     HARDDISK         1.0  PQ: 0 ANSI: 5
[   23.697064] scsi target2:0:0: Beginning Domain Validation
[   23.741784] scsi target2:0:0: Domain Validation skipping write tests
[   23.791369] scsi target2:0:0: Ending Domain Validation
[   23.802002] scsi target2:0:0: asynchronous
[   23.831450] scsi 2:0:1:0: Direct-Access     VBOX     HARDDISK         1.0  PQ: 0 ANSI: 5
[   23.867737] scsi target2:0:1: Beginning Domain Validation
[   23.871550] floppy0: no floppy controllers found
[   23.904529] scsi target2:0:1: Domain Validation skipping write tests
[   23.926256] scsi target2:0:1: Ending Domain Validation
[   23.948742] scsi target2:0:1: asynchronous
[   23.987820] sd 2:0:0:0: Attached scsi generic sg0 type 0
[   24.007864] sd 2:0:0:0: [sda] 20971520 512-byte logical blocks: (10.7 GB/10.0 GiB)
[   24.040623] sd 2:0:1:0: Attached scsi generic sg1 type 0
[   24.049134] sd 2:0:1:0: [sdb] 20480 512-byte logical blocks: (10.5 MB/10.0 MiB)
[   24.090159] sd 2:0:0:0: [sda] Write Protect is off
[   24.112569] sd 2:0:0:0: [sda] Incomplete mode parameter data
[   24.143185] sd 2:0:0:0: [sda] Assuming drive cache: write through
[   24.165494] sd 2:0:1:0: [sdb] Write Protect is off
[   24.177181] sd 2:0:1:0: [sdb] Incomplete mode parameter data
[   24.183613] sd 2:0:1:0: [sdb] Assuming drive cache: write through
[   24.193027]  sda: sda1
[   24.196769] sd 2:0:0:0: [sda] Attached SCSI disk
[   24.206997] sd 2:0:1:0: [sdb] Attached SCSI disk
[   24.289632] e1000 0000:00:03.0 eth0: (PCI:33MHz:32-bit) 02:06:a9:f4:72:f7
[   24.359507] e1000 0000:00:03.0 eth0: Intel(R) PRO/1000 Network Connection
[   24.374289] e1000 0000:00:03.0 enp0s3: renamed from eth0
Begin: Loading e[   25.885627] md: linear personality registered for level -1
ssential drivers[   26.039794] md: multipath personality registered for level -4
 ... [   26.100203] md: raid0 personality registered for level 0
[   26.113982] md: raid1 personality registered for level 1
[   26.210350] raid6: sse2x1   gen()  4552 MB/s
[   26.302834] raid6: sse2x1   xor()  5270 MB/s
[   26.414316] raid6: sse2x2   gen() 10313 MB/s
[   26.554471] raid6: sse2x2   xor()  6997 MB/s
[   26.654751] raid6: sse2x4   gen() 12443 MB/s
[   26.722409] raid6: sse2x4   xor()  6687 MB/s
[   26.806831] raid6: avx2x1   gen() 14880 MB/s
[   26.922629] raid6: avx2x2   gen() 19799 MB/s
[   27.074273] raid6: avx2x4   gen() 22027 MB/s
[   27.108389] raid6: using algorithm avx2x4 gen() 22027 MB/s
[   27.188358] raid6: using avx2x2 recovery algorithm
[   27.253970] xor: automatically using best checksumming function:
[   27.302814]    avx       : 11245.000 MB/sec
[   27.327852] async_tx: api initialized (async)
[   27.364672] md: raid6 personality registered for level 6
[   27.394939] md: raid5 personality registered for level 5
[   27.409059] md: raid4 personality registered for level 4
[   27.446664] md: raid10 personality registered for level 10
done.
Begin: Running /scripts/init-premount ... done.
Begin: Mounting root file system ... Begin: Running /scripts/local-top ... done.
Begin: Running /scripts/local-premount ... [   27.526244] Btrfs loaded
Scanning for Btrfs filesystems
done.
Warning: fsck no[   27.596010] EXT4-fs (sda1): INFO: recovery required on readonly filesystem
t present, so sk[   27.657502] EXT4-fs (sda1): write access will be enabled during recovery
ipping root file system
[   27.871842] EXT4-fs (sda1): orphan cleanup on readonly fs
[   28.528928] EXT4-fs (sda1): 3 orphan inodes deleted
[   28.613945] EXT4-fs (sda1): recovery complete
[   28.680310] EXT4-fs (sda1): mounted filesystem with ordered data mode. Opts: (null)
done.
Begin: Running /scripts/local-bottom ... done.
Begin: Running /scripts/init-bottom ... done.
[   28.867375] random: nonblocking pool is initialized
[   28.960724] systemd[1]: systemd 229 running in system mode. (+PAM +AUDIT +SELINUX +IMA +APPARMOR +SMACK +SYSVINIT +UTMP +LIBCRYPTSETUP +GCRYPT +GNUTLS +ACL +XZ -LZ4 +SECCOMP +BLKID +ELFUTILS +KMOD -IDN)
[   29.232744] systemd[1]: Detected virtualization oracle.
[   29.303160] systemd[1]: Detected architecture x86-64.

Welcome to [1mUbuntu 16.04.3 LTS[0m!

[ 2942829] systemd1]Set hotnae o <ubuntuxeal>.
[   30.065989] systemd[1]: Listening on Journal Socket (/dev/log).
[[0;32m  OK  [0m] Listening on Journal Socket (/dev/log).
[   30.081362] systemd[1]: Listening on LVM2 metadata daemon socket.
[[0;32m  OK  [0m] Listening on LVM2 metadata daemon socket.
[   30.089189] systemd[1]: Listening on udev Control Socket.
[[0;32m  OK  [0m] Listening on udev Control Socket.
[ 307605] stmd[1]: Ltengn JonaAut ck.

[[0;32m  OK  [0m] Listening on Journal Audit Socket.
[ 30345]ysmd]:tartd igr soco uat for ntwkdNS

[[0;32m  OK  [0m] Started Trigger resolvconf update for networkd DNS.
[  3.737] ysemd[: Lstni oud KernelSoet

[[0;32m  OK  [0m] Listening on udev Kernel Socket.
[   2.7267] systemd[1]: Listening on /dev/initctl Compatibility Named Pipe.
[[0;32m  OK  [0m] Listening on /dev/initctl Compatibility Named Pipe.
[   32.409662] systemd[1]: Reached target Encrypted Volumes.
[[0;32m  OK  [0m] Reached target Encrypted Volumes.
[   2.230] system[1 Ltengn sl Ske
[[0;32m  OK  [0m] Listening on Syslog Socket.
[  32.504] ysemd[1]: ard rwd asswod qutsto Wall reor Wtc
[[0;32m  OK  [0m] Started Forward Password Requests to Wall Directory Watch.
[ 33466]ysmd]:isning on Device-mapper event daemon FIFOs.

[[0;32m  OK  [0m] Listening on Device-mapper event daemon FIFOs.
[   34.150776] system[1: eaedaret Uerndrou Name oops

[[0;32m  OK  [0m] Reached target User and Group Name Lookups.
[   34.656581] systemd[1]: Reached target Swap.
[[0;32m  OK  [0m] Reached target Swap.
[ 34478]ysmd]:Lieng on LVM2po demo sck.
[[0;32m  OK  [0m] Listening on LVM2 poll daemon socket.
[   35.4305 systemd[1]: Created slice System Slice.
[[0;32m  OK  [0m] Created slice System Slice.
[   35.550237] systemd[1]: Created slice system-serial\x2dgetty.slice.
[[0;32m  OK  [0m] Created slice system-serial\x2dgetty.slice.
[   35.556067] systemd[1]: Created slice User and Session Slice.
[[0;32m  OK  [0m] Created slice User and Session Slice.
[ 356332syte[1 Rch tgeSlces.
[[0;32m  OK  [0m] Reached target Slices.
[ 36820]sytemd[1]: Listening on Journal Socket.

[[0;32m  OK  [0m] Listening on Journal Socket.
[   36.447106] systemd[1]: Mounting POSIX Message Queue File System...
         Mounting POSIX Message Queue File System...
[   36.554073] systemd[1]: Starting Load Kernel Modules...
         Starting Load Kernel Modules...
[   36.592492] lp: driver loaded but no devices found
[   36.678986] ppdev: user-space parallel port driver
[   36.710718] systemd[1]: Mounting Huge Pages File System...
         Mounting Huge Pages File System...
[   36.733203] Loading iSCSI transport class v2.0-870.
[   36.856429] systemd[1]: Starting Set console keymap...
         Starting Set console ke[   36.886092] iscsi: registered transport (tcp)
ymap...
[   36.951128] systemd[1]: Starting Remount Root and Kernel File Systems...
[   36.9660EX-f(sda1: -mntd.Ops:nul)

         Starting Remount Root a[   37.457026] iscsi: registered transport (iser)
nd Kernel File Systems...
[   37.559175] systemd[1]: Starting Nameserver information manager...
         Starting Nameserver information manager...
[   37.646854] systemd[1]: Starting Uncomplicated firewall...
         Starting Uncomplicated firewall...
[   37.727416] systemd[1]: Mounting Debug File System...
         Mounting Debug File System...
[   37.742596] systemd[1]: Starting Journal Service...
         Starting Journal Service...
[   37.840415] systemd[1]: Starting Create list of required static device nodes for the current kernel...
         Starting Create list of required st... nodes for the current kernel...
[   37.909357] systemd[1]: Set up automount Arbitrary Executable File Formats File System Automount Point.
[[0;32m  OK  [0m] Set up automount Arbitrary Executab...ats File System Automount Point.
[   38.062861] systemd[1]: Starting Monitoring of LVM2 mirrors, snapshots etc. using dmeventd or progress polling...
         Starting Monitoring of LVM2 mirrors... dmeventd or progress polling...
[   38.203894] systemd[1]: Mounted POSIX Message Queue File System.
[[0;32m  OK  [0m] Mounted POSIX Message Queue File System.
[   38.326672] systemd[1]: Mounted Debug File System.
[[0;32m  OK  [0m] Mounted Debug File System.
[   38.386822] systemd[1]: Mounted Huge Pages File System.
[[0;32m  OK  [0m] Mounted Huge Pages File System.
[   38.539587] systemd[1]: Started Journal Service.
[[0;32m  OK  [0m] Started Journal Service.
[[0;32m  OK  [0m] Started Load Kernel Modules.
[[0;32m  OK  [0m] Started Set console keymap.
[[0;32m  OK  [0m] Started Remount Root and Kernel File Systems.
[[0;32m  OK  [0m] Started Uncomplicated firewall.
[[0;32m  OK  [0m] Started Create list of required sta...ce nodes for the current kernel.
[[0;32m  OK  [0m] Started Nameserver information manager.
[[0;32m  OK  [0m] Started LVM2 metadata daemon.
         Starting Create Static Device Nodes in /dev...
         Starting udev Coldplug all Devices...
         Starting Initial cloud-init job (pre-networking)...
         Starting Load/Save Random Seed...
         Mounting FUSE Control File System...
         Starting Apply Kernel Variables...
         Starting Flush Journal to Persistent Storage...
[[0;32m  OK  [0m] Mounted FUSE Control File System.
[[0;32m  OK  [0m] Started Create Static Device Nodes in /dev.
[[0;32m  OK  [0m] Started Load/Save Random Seed.
[[0;32m  OK  [0m] Started Apply Kernel Variables.
[[0;32m  OK  [0m] Started udev Coldplug all Devices.
[[0;32m  OK  [0m] Started Flush Journal to Persistent Storage.
         Starting udev Kernel Device Manager...
[[0;32m  OK  [0m] Started Monitoring of LVM2 mirrors,...ng dmeventd or progress polling.
[[0;32m  OK  [0m] Started udev Kernel Device Manager.
[[0;32m  OK  [0m] Started Dispatch Password Requests to Console Directory Watch.
[[0;32m  OK  [0m] Reached target Local File Systems (Pre).
[[0;32m  OK  [0m] Reached target Local File Systems.
         Starting Set console font and keymap...
         Starting Create Volatile Files and Directories...
         Starting LSB: AppArmor initialization...
         Starting Tell Plymouth To Write Out Runtime Data...
[[0;32m  OK  [0m] Started Create Volatile Files and Directories.
[[0;32m  OK  [0m] Started Tell Plymouth To Write Out Runtime Data.
[[0;32m  OK  [0m] Found device /dev/ttyS0.
[[0;32m  OK  [0m] Reached target System Time Synchronized.
         Starting Update UTMP about System Boot/Shutdown...
[[0;32m  OK  [0m] Started Update UTMP about System Boot/Shutdown.
[[0;32m  OK  [0m] Started Set console font and keymap.
[   28.288619] cloud-init[459]: Cloud-init v. 17.1 running 'init-local' at Wed, 14 Mar 2018 20:15:39 +0000. Up 27.40 seconds.
[[0;32m  OK  [0m] Started LSB: AppArmor initialization.
[[0;32m  OK  [0m] Started Initial cloud-init job (pre-networking).
[[0;32m  OK  [0m] Found device 82540EM Gigabit Ethern...r (PRO/1000 MT Desktop Adapter).
[[0;32m  OK  [0m] Listening on Load/Save RF Kill Switch Status /dev/rfkill Watch.
[[0;32m  OK  [0m] Reached target Network (Pre).
[[0;32m  OK  [0m] Started ifup for enp0s3.
         Starting Raise network interfaces...
[[0;32m  OK  [0m] Created slice system-getty.slice.
[[0;32m  OK  [0m] Started Raise network interfaces.
         Starting Initial cloud-init job (metadata service crawler)...
[   31.557699] cloud-init[1060]: Cloud-init v. 17.1 running 'init' at Wed, 14 Mar 2018 20:15:43 +0000. Up 30.89 seconds.
[   31.661045] cloud-init[1060]: ci-info: +++++++++++++++++++++++++++++++++++++Net device info+++++++++++++++++++++++++++++++++++++
[[0;32m  OK  [0m] Started Initial cloud-init job (metadata service crawler).
[   31.739806] cloud-init[1060]: ci-info: +--------+------+---------------------------+---------------+-------+-------------------+
[   31.796864] cloud-init[1060]: ci-info: | Device |  Up  |          Address          |      Mask     | Scope |     Hw-Address    |
[[0;32m  OK  [0m] Reached target System Initialization.
[[0;32m  OK  [0m] Listening on ACPID Listen Socket.[   31.798027] 
cloud-init[1060]: ci-info: +--------+------+---------------------------+---------------+-------+-------------------+
[   31.900218] cloud-init[1060]: ci-info: | enp0s3 | True |         10.0.2.15         | 255.255.255.0 |   .   | 02:06:a9:f4:72:f7 |
[[0;32m  OK  [0m] Listening on CUPS Scheduler.
[   31.901335] cloud-init[1060]: ci-info: | enp0s3 | True | fe80::6:a9ff:fef4:72f7/64 |       .       |  link | 02:06:a9:f4:72:f7 |
         Starting Socket activation for snappy daemon.
[   32.019100] cloud-init[1060]: ci-info: |   lo   | True |         127.0.0.1         |   255.0.0.0   |   .   |         .         |
[   32.192667] cloud-init[1060]: ci-info: |   lo   | True |          ::1/128          |       .       |  host |         .         |
[   32.193378] cloud-init[1060]: ci-info: +--------+------+---------------------------+---------------+-------+-------------------+
[[0;32m  OK  [0m] Started ACPI Events Check.
[   32.193737] cloud-init[1060]: ci-info: +++++++++++++++++++++++++++Route IPv4 info++++++++++++++++++++++++++++
[   32.417598] cloud-init[1060]: ci-info: +-------+-------------+----------+---------------+-----------+-------+
[   32.418172] cloud-init[1060]: ci-info: | Route | Destination | Gateway  |    Genmask    | Interface | Flags |
[[0;32m  OK  [0m] Started CUPS Scheduler.
[[   32.418505] cloud-init[1060]: ci-info: +-------+-------------+----------+---------------+-----------+-------+
[0;32m  OK  [0m] Reached target Paths.
[   32.660006] cloud-init[1060]: ci-info: |   0   |   0.0.0.0   | 10.0.2.2 |    0.0.0.0    |   enp0s3  |   UG  |
[   32.768832] cloud-init[1060]: ci-info: |   1   |   10.0.2.0  | 0.0.0.0  | 255.255.255.0 |   enp0s3  |   U   |
[   32.769650] cloud-init[1060]: ci-info: +-------+-------------+----------+---------------+-----------+-------+
[[0;32m  OK  [0m] Started Timer to automatically refresh installed snaps.
[[0;32m  OK  [0m] Started Daily Cleanup of Temporary Directories.
[[0;32m  OK  [0m] Listening on Avahi mDNS/DNS-SD Stack Activation Socket.
         Starting LXD - unix socket.
[[0;32m  OK  [0m] Listening on UUID daemon activation socket.
[[0;32m  OK  [0m] Listening on D-Bus System Message Bus Socket.
[[0;32m  OK  [0m] Reached target Cloud-config availability.
[[0;32m  OK  [0m] Listening on Socket activation for snappy daemon.
[[0;32m  OK  [0m] Listening on LXD - unix socket.
[[0;32m  OK  [0m] Reached target Sockets.
[[0;32m  OK  [0m] Reached target Basic System.
         Starting System Logging Service...
         Starting Avahi mDNS/DNS-SD Stack...
[[0;32m  OK  [0m] Started CUPS Scheduler.
         Starting Detect the available GPUs and deal with any system changes...
[[0;32m  OK  [0m] Started D-Bus System Message Bus.
[[0;32m  OK  [0m] Started Avahi mDNS/DNS-SD Stack.
         Starting Modem Manager...
[[0;32m  OK  [0m] Started Deferred execution scheduler.
         Starting Accounts Service...
         Starting Network Manager...
         Starting LSB: MD monitoring daemon...
         Starting LXD - container startup/shutdown...
         Starting Snappy daemon...
         Starting Restore /etc/resolv.conf i...re the ppp link was shut down...
         Starting Login Service...
         Starting LSB: Record successful boot for GRUB...
         Starting Initialize hardware monitoring sensors...
[[0;32m  OK  [0m] Started ACPI event daemon.
[[0;32m  OK  [0m] Started Regular background program processing daemon.
[[0;32m  OK  [0m] Started FUSE filesystem for LXC.
[[0;32m  OK  [0m] Started Make remote CUPS printers available locally.
[[0;32m  OK  [0m] Started System Logging Service.
[[0;32m  OK  [0m] Started Snappy daemon.
[[0;32m  OK  [0m] Started Detect the available GPUs and deal with any system changes.
[[0;32m  OK  [0m] Started LXD - container startup/shutdown.
[[0;32m  OK  [0m] Started Restore /etc/resolv.conf if...fore the ppp link was shut down.
[[0;32m  OK  [0m] Started Initialize hardware monitoring sensors.
[[0;32m  OK  [0m] Started LSB: MD monitoring daemon.
[[0;32m  OK  [0m] Started LSB: Record successful boot for GRUB.
[[0;32m  OK  [0m] Started Network Manager.
[[0;32m  OK  [0m] Started Login Service.
         Starting Network Manager Script Dispatcher Service...
[[0;32m  OK  [0m] Reached target Network.
[[0;32m  OK  [0m] Started Unattended Upgrades Shutdown.
         Starting Network Manager Wait Online...
         Starting Authenticate and Authorize Users to Run Privileged Tasks...
[[0;32m  OK  [0m] Started Network Manager Script Dispatcher Service.
[[0;32m  OK  [0m] Started Authenticate and Authorize Users to Run Privileged Tasks.
[[0;32m  OK  [0m] Started Accounts Service.
[[0;32m  OK  [0m] Started Modem Manager.
         Starting Hostname Service...
[[0;32m  OK  [0m] Started Hostname Service.
[[0;32m  OK  [0m] Started Network Manager Wait Online.
[[0;32m  OK  [0m] Reached target Network is Online.
         Starting /etc/rc.local Compatibility...
         Starting iSCSI initiator daemon (iscsid)...
[[0;32m  OK  [0m] Started Daily apt download activities.
[[0;32m  OK  [0m] Started Daily apt upgrade and clean activities.
[[0;32m  OK  [0m] Reached target Timers.
         Starting Apply the settings specified in cloud-config...
         Starting OpenBSD Secure Shell server...
[[0;32m  OK  [0m] Started crash report submission daemon.
[[0;32m  OK  [0m] Started OpenBSD Secure Shell server.
[[0;32m  OK  [0m] Started /etc/rc.local Compatibility.
[[0;32m  OK  [0m] Started iSCSI initiator daemon (iscsid).
         Starting Login to default iSCSI targets...
[[0;32m  OK  [0m] Started Login to default iSCSI targets.
[[0;32m  OK  [0m] Reached target Remote File Systems (Pre).
[[0;32m  OK  [0m] Reached target Remote File Systems.
         Starting LSB: VirtualBox Linux Additions...
         Starting Permit User Sessions...
         Starting LSB: Start NTP daemon...
         Starting LSB: automatic crash report generation...
         Starting LSB: Set the CPU Frequency Scaling governor to "ondemand"...
         Starting LSB: daemon to balance interrupts for SMP systems...
[[0;32m  OK  [0m] Started Permit User Sessions.
[[0;32m  OK  [0m] Created slice User Slice of ubuntu.
[[0;32m  OK  [0m] Started Session 1 of user ubuntu.
[   36.593884] cloud-init[1246]: Cloud-init v. 17.1 running 'modules:config' at Wed, 14 Mar 2018 20:15:48 +0000. Up 36.37 seconds.
         Starting User Manager for UID 1000...
         Starting Hold until boot process finishes up...
         Starting Light Display Manager...
[[0;32m  OK  [0m] Started User Manager for UID 1000.
[[0;32m  OK  [0m] Started Apply the settings specified in cloud-config.
[[0;32m  OK  [0m] Started LSB: VirtualBox Linux Additions.
[[0;32m  OK  [0m] Started LSB: Start NTP daemon.
[[0;32m  OK  [0m] Started LSB: automatic crash report generation.
[[0;32m  OK  [0m] Started LSB: Set the CPU Frequency Scaling governor to "ondemand".
[[0;32m  OK  [0m] Started LSB: daemon to balance interrupts for SMP systems.
[[0;32m  OK  [0m] Started Hold until boot process finishes up.
[[0;32m  OK  [0m] Started Getty on tty1.
[[0;32m  OK  [0m] Started Serial Getty on ttyS0.
[[0;32m  OK  [0m] Reached target Login Prompts.
         Starting Set console scheme...
[[0;32m  OK  [0m] Reached target Multi-User System.
         Starting Execute cloud user/final scripts...
[[0;32m  OK  [0m] Started Set console scheme.
[[0;32m  OK  [0m] Started Light Display Manager.
[[0;32m  OK  [0m] Reached target Graphical Interface.
         Starting Update UTMP about System Runlevel Changes...
[[0;32m  OK  [0m] Started Update UTMP about System Runlevel Changes.
[   38.476299] cloud-init[1401]: Cloud-init v. 17.1 running 'modules:final' at Wed, 14 Mar 2018 20:15:50 +0000. Up 38.11 seconds.
[   38.580985] cloud-init[1401]: Cloud-init v. 17.1 finished at Wed, 14 Mar 2018 20:15:51 +0000. Datasource DataSourceNoCloud [seed=/dev/sdb][dsmode=net].  Up 38.46 seconds
[[0;32m  OK  [0m] Started Execute cloud user/final scripts.
[[0;32m  OK  [0m] Reached target Cloud-init target.

Ubuntu 16.04.3 LTS ubuntu-xenial ttyS0

ubuntu-xenial login: 